<?xml version="1.0" encoding="UTF-8"?>
<robot generator="Robot 3.1.2 (Python 3.8.2 on win32)" generated="20200425 09:21:07.414" rpa="false">
<suite id="s1" name="TC 020" source="C:\Users\Lenovo\PycharmProjects\Robotautomation\TestCase\TC_020.robot">
<test id="s1-t1" name="TC_020">
<kw name="Open Browser" library="SeleniumLibrary">
<doc>Opens a new browser instance to the optional ``url``.</doc>
<arguments>
<arg>${URL}</arg>
<arg>${Browser}</arg>
</arguments>
<msg timestamp="20200425 09:21:07.957" level="INFO">Opening browser 'Chrome' to base url 'https://www.thetestingworld.com/testings/'.</msg>
<status status="PASS" starttime="20200425 09:21:07.957" endtime="20200425 09:21:21.146"></status>
</kw>
<kw name="Maximize Browser Window" library="SeleniumLibrary">
<doc>Maximizes current browser window.</doc>
<status status="PASS" starttime="20200425 09:21:21.148" endtime="20200425 09:21:25.284"></status>
</kw>
<kw name="Read Element Locator">
<arguments>
<arg>Registration.username_textbox_name</arg>
</arguments>
<assign>
<var>${username}</var>
</assign>
<kw name="Read Locator From Json" library="Locator">
<arguments>
<arg>${pillu}</arg>
</arguments>
<assign>
<var>${result}</var>
</assign>
<msg timestamp="20200425 09:21:25.287" level="INFO">${result} = fld_username</msg>
<status status="PASS" starttime="20200425 09:21:25.285" endtime="20200425 09:21:25.287"></status>
</kw>
<msg timestamp="20200425 09:21:25.287" level="INFO">${username} = fld_username</msg>
<status status="PASS" starttime="20200425 09:21:25.284" endtime="20200425 09:21:25.287"></status>
</kw>
<kw name="Input Text" library="SeleniumLibrary">
<doc>Types the given ``text`` into the text field identified by ``locator``.</doc>
<arguments>
<arg>name:${username}</arg>
<arg>priyanka</arg>
</arguments>
<msg timestamp="20200425 09:21:25.288" level="INFO">Typing text 'priyanka' into text field 'name:fld_username'.</msg>
<status status="PASS" starttime="20200425 09:21:25.288" endtime="20200425 09:21:25.524"></status>
</kw>
<kw name="Input Text" library="SeleniumLibrary">
<doc>Types the given ``text`` into the text field identified by ``locator``.</doc>
<arguments>
<arg>xpath://*[@id="tab-content1"]/form/input[3]</arg>
<arg>priyanka@gmail.com</arg>
</arguments>
<msg timestamp="20200425 09:21:25.524" level="INFO">Typing text 'priyanka@gmail.com' into text field 'xpath://*[@id="tab-content1"]/form/input[3]'.</msg>
<status status="PASS" starttime="20200425 09:21:25.524" endtime="20200425 09:21:25.755"></status>
</kw>
<status status="PASS" starttime="20200425 09:21:07.956" endtime="20200425 09:21:25.756" critical="yes"></status>
</test>
<status status="PASS" starttime="20200425 09:21:07.418" endtime="20200425 09:21:25.759"></status>
</suite>
<statistics>
<total>
<stat pass="1" fail="0">Critical Tests</stat>
<stat pass="1" fail="0">All Tests</stat>
</total>
<tag>
</tag>
<suite>
<stat pass="1" fail="0" id="s1" name="TC 020">TC 020</stat>
</suite>
</statistics>
<errors>
</errors>
</robot>
